#
# A fatal error has been detected by the Java Runtime Environment:
#
#  Internal Error (javaClasses.cpp:126), pid=5332, tid=5136
#  fatal error: Invalid layout of preloaded class
#
# JRE version:  (8.0_25-b18) (build )
# Java VM: Java HotSpot(TM) 64-Bit Server VM (25.25-b02 mixed mode windows-amd64 compressed oops)
# Failed to write core dump. Minidumps are not enabled by default on client versions of Windows
#
# If you would like to submit a bug report, please visit:
#   http://bugreport.sun.com/bugreport/crash.jsp
#

---------------  T H R E A D  ---------------

Current thread (0x000000000056e800):  JavaThread "Unknown thread" [_thread_in_vm, id=5136, stack(0x00000000021b0000,0x00000000022b0000)]

Stack: [0x00000000021b0000,0x00000000022b0000]
Native frames: (J=compiled Java code, j=interpreted, Vv=VM code, C=native code)
V  [jvm.dll+0x31667a]
V  [jvm.dll+0x267073]
V  [jvm.dll+0x267cb3]
V  [jvm.dll+0x25f536]
V  [jvm.dll+0x5e773]
V  [jvm.dll+0x5e863]
V  [jvm.dll+0x731ca]
V  [jvm.dll+0x73528]
V  [jvm.dll+0xe48b7]
V  [jvm.dll+0xe4c46]
V  [jvm.dll+0x1f9ae7]
V  [jvm.dll+0x22b2e4]
V  [jvm.dll+0x14d571]
C  [javaw.exe+0x20c6]
C  [javaw.exe+0xc9eb]
C  [javaw.exe+0xca7f]
C  [kernel32.dll+0x159cd]
C  [ntdll.dll+0x2b891]


---------------  P R O C E S S  ---------------

Java Threads: ( => current thread )

Other Threads:

=>0x000000000056e800 (exited) JavaThread "Unknown thread" [_thread_in_vm, id=5136, stack(0x00000000021b0000,0x00000000022b0000)]

VM state:not at safepoint (not fully initialized)

VM Mutex/Monitor currently owned by a thread: None

GC Heap History (0 events):
No events

Deoptimization events (0 events):
No events

Internal exceptions (0 events):
No events

Events (10 events):
Event: 0.010 loading class java/lang/CharSequence done
Event: 0.010 loading class java/lang/String done
Event: 0.010 loading class java/lang/Class
Event: 0.010 loading class java/lang/reflect/AnnotatedElement
Event: 0.010 loading class java/lang/reflect/AnnotatedElement done
Event: 0.010 loading class java/lang/reflect/GenericDeclaration
Event: 0.010 loading class java/lang/reflect/GenericDeclaration done
Event: 0.010 loading class java/lang/reflect/Type
Event: 0.010 loading class java/lang/reflect/Type done
Event: 0.010 loading class java/lang/Class done


Dynamic libraries:
0x000000013fbf0000 - 0x000000013fc24000 	C:\Program Files\Java\jre1.8.0_25\bin\javaw.exe
0x0000000076d20000 - 0x0000000076ec8000 	C:\Windows\SYSTEM32\ntdll.dll
0x0000000076b00000 - 0x0000000076c1f000 	C:\Windows\system32\kernel32.dll
0x000007fefbc40000 - 0x000007fefbcac000 	C:\Windows\system32\KERNELBASE.dll
0x000007fefdd70000 - 0x000007fefde4b000 	C:\Windows\system32\ADVAPI32.dll
0x000007fefd500000 - 0x000007fefd59f000 	C:\Windows\system32\msvcrt.dll
0x000007fefd4e0000 - 0x000007fefd4ff000 	C:\Windows\SYSTEM32\sechost.dll
0x000007fefd8b0000 - 0x000007fefd9dd000 	C:\Windows\system32\RPCRT4.dll
0x0000000076c20000 - 0x0000000076d1a000 	C:\Windows\system32\USER32.dll
0x000007fefda30000 - 0x000007fefda97000 	C:\Windows\system32\GDI32.dll
0x000007fefd2a0000 - 0x000007fefd2ae000 	C:\Windows\system32\LPK.dll
0x000007fefc220000 - 0x000007fefc2e9000 	C:\Windows\system32\USP10.dll
0x000007fef9fa0000 - 0x000007fefa194000 	C:\Windows\WinSxS\amd64_microsoft.windows.common-controls_6595b64144ccf1df_6.0.7601.18807_none_fa381d5f175bfb52\COMCTL32.dll
0x000007fefc1a0000 - 0x000007fefc211000 	C:\Windows\system32\SHLWAPI.dll
0x000007fefd490000 - 0x000007fefd4be000 	C:\Windows\system32\IMM32.DLL
0x000007fefd6c0000 - 0x000007fefd7c9000 	C:\Windows\system32\MSCTF.dll
0x000007fef3810000 - 0x000007fef389d000 	C:\Program Files (x86)\AVG\AVG2015\avghooka.dll
0x0000000066a40000 - 0x0000000066b12000 	C:\Program Files\Java\jre1.8.0_25\bin\msvcr100.dll
0x0000000060030000 - 0x000000006088a000 	C:\Program Files\Java\jre1.8.0_25\bin\server\jvm.dll
0x000007fef52d0000 - 0x000007fef52d9000 	C:\Windows\system32\WSOCK32.dll
0x000007fefd9e0000 - 0x000007fefda2d000 	C:\Windows\system32\WS2_32.dll
0x000007fefd080000 - 0x000007fefd088000 	C:\Windows\system32\NSI.dll
0x000007fef5510000 - 0x000007fef554b000 	C:\Windows\system32\WINMM.dll
0x0000000076ef0000 - 0x0000000076ef7000 	C:\Windows\system32\PSAPI.DLL
0x000000006f5f0000 - 0x000000006f5ff000 	C:\Program Files\Java\jre1.8.0_25\bin\verify.dll
0x000000006f5c0000 - 0x000000006f5e8000 	C:\Program Files\Java\jre1.8.0_25\bin\java.dll
0x000000006a4e0000 - 0x000000006a4f6000 	C:\Program Files\Java\jre1.8.0_25\bin\zip.dll
0x000007fee6a10000 - 0x000007fee6b35000 	C:\Windows\system32\dbghelp.dll

VM Arguments:
jvm_args: -Djava.library.path=C:\Users\RONEN\Desktop\app_project\git\android_app_project\eclipse_and_ws\ToursClient\libs -Dfile.encoding=Cp1255 -Xbootclasspath:D:\eclipse\adt-bundle-windows-x86_64-20140702\sdk\platforms\android-21\android.jar 
java_command: HomeScreen
java_class_path (initial): C:\Users\RONEN\Desktop\app_project\git\android_app_project\eclipse_and_ws\ToursClient\bin\classes;C:\Users\RONEN\Desktop\app_project\git\android_app_project\eclipse_and_ws\appcompat_v7\libs\android-support-v4.jar;C:\Users\RONEN\Desktop\app_project\git\android_app_project\eclipse_and_ws\appcompat_v7\libs\android-support-v7-appcompat.jar;C:\Users\RONEN\Desktop\app_project\git\android_app_project\eclipse_and_ws\ToursClient\libs\gson-2.2.4.jar;C:\Users\RONEN\Desktop\app_project\git\android_app_project\eclipse_and_ws\appcompat_v7\bin\appcompat_v7.jar;C:\Users\RONEN\Desktop\app_project\git\android_app_project\java_src\google-gson-2.2.4\gson-2.2.4.jar;C:\Users\RONEN\Desktop\app_project\git\android_app_project\java_src\commons-validator-1.4.0.jar
Launcher Type: SUN_STANDARD

Environment Variables:
JAVA_HOME=C:\Program Files\Java\jdk1.8.0_25
PATH=C:/Program Files/Java/jre1.8.0_25/bin/server;C:/Program Files/Java/jre1.8.0_25/bin;C:/Program Files/Java/jre1.8.0_25/lib/amd64;C:\ProgramData\Oracle\Java\javapath;C:\Perl64\site\bin;C:\Perl64\bin;D:\ActivePerl\site\bin;D:\ActivePerl\bin;C:\Windows\system32;C:\Windows;C:\Windows\System32\Wbem;C:\Windows\System32\WindowsPowerShell\v1.0\;C:\Program Files (x86)\ATI Technologies\ATI.ACE\Core-Static;D:\OrCAD\OrCAD_16.5_Lite\tools\bin;D:\OrCAD\OrCAD_16.5_Lite\tools\specctra\bin;D:\OrCAD\OrCAD_16.5_Lite\tools\PSpice;D:\OrCAD\OrCAD_16.5_Lite\tools\PSpice\Library;D:\OrCAD\OrCAD_16.5_Lite\tools\Capture;D:\OrCAD\OrCAD_16.5_Lite\tools\fet\bin;D:\OrCAD\OrCAD_16.5_Lite\tools\pcb\bin;D:\OrCAD\OrCAD_16.5_Lite\OpenAccess\bin\win32\opt;C:\Program Files (x86)\Common Files\HP\Digital Imaging\bin;C:\Program Files (x86)\HP\Digital Imaging\bin\;C:\Program Files (x86)\HP\Digital Imaging\bin\Qt\Qt 4.3.3;D:\MATLAB13\runtime\win64;D:\MATLAB13\bin;D:\MATLAB\R2011a\runtime\win64;D:\MATLAB\R2011a\bin;C:\Program Files\Microsoft\Web Platform Installer\;C:\Program Files (x86)\Microsoft ASP.NET\ASP.NET Web Pages\v1.0\;C:\Program Files (x86)\Windows Kits\8.0\Windows Performance Toolkit\;C:\Program Files\Microsoft SQL Server\110\Tools\Binn\;C:\Program Files (x86)\MiKTeX 2.9\miktex\bin\;C:\msys\1.0\bin;C:\mingw\bin;C:\Program Files\Perforce;C:\Program Files (x86)\SSH Communications Security\SSH Secure Shell;D:\SocketeQ\windowsandroid_root\system\bin;D:\SocketeQ\windowsandroid_root\system\lib;C:\Program Files\Perforce\Server;D:\eclipse\adt-bundle-windows-x86_64-20140702\eclipse;
USERNAME=RONEN
OS=Windows_NT
PROCESSOR_IDENTIFIER=AMD64 Family 16 Model 4 Stepping 3, AuthenticAMD



---------------  S Y S T E M  ---------------

OS: Windows 7 , 64 bit Build 7601 Service Pack 1

CPU:total 4 (4 cores per cpu, 1 threads per core) family 16 model 4 stepping 3, cmov, cx8, fxsr, mmx, sse, sse2, sse3, popcnt, mmxext, 3dnowpref, lzcnt, sse4a, tsc, tscinvbit, tscinv

Memory: 4k page, physical 8387036k(3762200k free), swap 16772220k(10463080k free)

vm_info: Java HotSpot(TM) 64-Bit Server VM (25.25-b02) for windows-amd64 JRE (1.8.0_25-b18), built on Oct  7 2014 14:25:37 by "java_re" with MS VC++ 10.0 (VS2010)

time: Fri Jun 05 15:20:49 2015
elapsed time: 0 seconds (0d 0h 0m 0s)

